<?xml version="1.0" encoding="UTF-8"?>
<testsuite xmlns:xsi="http://www.w3.org/2001/XMLSchema-instance" xsi:noNamespaceSchemaLocation="https://maven.apache.org/surefire/maven-surefire-plugin/xsd/surefire-test-report-3.0.xsd" version="3.0" name="CucumberBasic.RunCucumberTest" time="0.691" tests="1" errors="1" skipped="0" failures="0">
  <properties>
[...]
</properties>
  <testcase name="Open google" classname="Open web on browser" time="0.157">
    <error message="The step &apos;I open browser as &quot;chrome&quot;&apos; and 2 other step(s) are undefined.&#10;You can implement these steps using the snippet(s) below:&#10;&#10;@When(&quot;I open browser as {string}&quot;)&#10;public void i_open_browser_as(String string) {&#10;    // Write code here that turns the phrase above into concrete actions&#10;    throw new io.cucumber.java.PendingException();&#10;}&#10;@When(&quot;I enter url as {string}&quot;)&#10;public void i_enter_url_as(String string) {&#10;    // Write code here that turns the phrase above into concrete actions&#10;    throw new io.cucumber.java.PendingException();&#10;}&#10;@Then(&quot;I see {string}&quot;)&#10;public void i_see(String string) {&#10;    // Write code here that turns the phrase above into concrete actions&#10;    throw new io.cucumber.java.PendingException();&#10;}&#10;" type="io.cucumber.junit.UndefinedStepException"><![CDATA[io.cucumber.junit.UndefinedStepException: 
The step 'I open browser as "chrome"' and 2 other step(s) are undefined.
You can implement these steps using the snippet(s) below:

@When("I open browser as {string}")
public void i_open_browser_as(String string) {
    // Write code here that turns the phrase above into concrete actions
    throw new io.cucumber.java.PendingException();
}
@When("I enter url as {string}")
public void i_enter_url_as(String string) {
    // Write code here that turns the phrase above into concrete actions
    throw new io.cucumber.java.PendingException();
}
@Then("I see {string}")
public void i_see(String string) {
    // Write code here that turns the phrase above into concrete actions
    throw new io.cucumber.java.PendingException();
}

]]></error>
    <system-out><![CDATA[
Scenario: Open google                &amp#27;[90m# src/test/resources/features/start.feature:2&amp#27;[0m
  &amp#27;[33mWhen &amp#27;[0m&amp#27;[33mI open browser as "chrome"&amp#27;[0m    &amp#27;[90m# null&amp#27;[0m
  &amp#27;[36mAnd &amp#27;[0m&amp#27;[36mI enter url as "www.google.es"&amp#27;[0m &amp#27;[90m# null&amp#27;[0m
  &amp#27;[36mThen &amp#27;[0m&amp#27;[36mI see "google"&amp#27;[0m                &amp#27;[90m# null&amp#27;[0m
]]></system-out>
  </testcase>
</testsuite>