<?xml version="1.0" encoding="UTF-8"?>
<testsuite xmlns:xsi="http://www.w3.org/2001/XMLSchema-instance" xsi:noNamespaceSchemaLocation="https://maven.apache.org/surefire/maven-surefire-plugin/xsd/surefire-test-report-3.0.xsd" version="3.0" name="CucumberBasic.RunCucumberTest" time="6.458" tests="1" errors="1" skipped="0" failures="0">
  <properties>
[...]
</properties>
  <testcase name="Open google" classname="Open web on browser" time="6.108">
    <error message="no such element: Unable to locate element: {&quot;method&quot;:&quot;name&quot;,&quot;selector&quot;:&quot;q&quot;}&#10;  (Session info: chrome=89.0.4389.90)&#10;  (Driver info: chromedriver=89.0.4389.23 (61b08ee2c50024bab004e48d2b1b083cdbdac579-refs/branch-heads/4389@{#294}),platform=Windows NT 10.0.19042 x86_64) (WARNING: The server did not provide any stacktrace information)&#10;Command duration or timeout: 14 milliseconds&#10;For documentation on this error, please visit: http://seleniumhq.org/exceptions/no_such_element.html&#10;Build info: version: &apos;2.47.1&apos;, revision: &apos;unknown&apos;, time: &apos;2015-07-30 11:02:44&apos;&#10;System info: host: &apos;LAPTOP-77UHC4F3&apos;, ip: &apos;192.168.5.99&apos;, os.name: &apos;Windows 10&apos;, os.arch: &apos;amd64&apos;, os.version: &apos;10.0&apos;, java.version: &apos;11.0.10&apos;&#10;Driver info: org.openqa.selenium.chrome.ChromeDriver&#10;Capabilities [{mobileEmulationEnabled=false, timeouts={implicit=0, pageLoad=300000, script=30000}, hasTouchScreen=false, platform=XP, acceptSslCerts=false, goog:chromeOptions={debuggerAddress=localhost:55763}, acceptInsecureCerts=false, webStorageEnabled=true, browserName=chrome, takesScreenshot=true, javascriptEnabled=true, setWindowRect=true, webauthn:extension:largeBlob=true, unexpectedAlertBehaviour=ignore, applicationCacheEnabled=false, rotatable=false, networkConnectionEnabled=false, chrome={chromedriverVersion=89.0.4389.23 (61b08ee2c50024bab004e48d2b1b083cdbdac579-refs/branch-heads/4389@{#294}), userDataDir=C:\Users\josew\AppData\Local\Temp\scoped_dir13412_1740717483}, takesHeapSnapshot=true, pageLoadStrategy=normal, strictFileInteractability=false, databaseEnabled=false, handlesAlerts=true, version=89.0.4389.90, browserConnectionEnabled=false, proxy={}, nativeEvents=true, locationContextEnabled=true, cssSelectorsEnabled=true, webauthn:virtualAuthenticators=true}]&#10;Session ID: 0eec4ad16403bf0c2cbd23ebb7fcaf11&#10;*** Element info: {Using=name, value=q}" type="org.openqa.selenium.NoSuchElementException"><![CDATA[org.openqa.selenium.NoSuchElementException: 
no such element: Unable to locate element: {"method":"name","selector":"q"}
  (Session info: chrome=89.0.4389.90)
  (Driver info: chromedriver=89.0.4389.23 (61b08ee2c50024bab004e48d2b1b083cdbdac579-refs/branch-heads/4389@{#294}),platform=Windows NT 10.0.19042 x86_64) (WARNING: The server did not provide any stacktrace information)
Command duration or timeout: 14 milliseconds
For documentation on this error, please visit: http://seleniumhq.org/exceptions/no_such_element.html
Build info: version: '2.47.1', revision: 'unknown', time: '2015-07-30 11:02:44'
System info: host: 'LAPTOP-77UHC4F3', ip: '192.168.5.99', os.name: 'Windows 10', os.arch: 'amd64', os.version: '10.0', java.version: '11.0.10'
Driver info: org.openqa.selenium.chrome.ChromeDriver
Capabilities [{mobileEmulationEnabled=false, timeouts={implicit=0, pageLoad=300000, script=30000}, hasTouchScreen=false, platform=XP, acceptSslCerts=false, goog:chromeOptions={debuggerAddress=localhost:55763}, acceptInsecureCerts=false, webStorageEnabled=true, browserName=chrome, takesScreenshot=true, javascriptEnabled=true, setWindowRect=true, webauthn:extension:largeBlob=true, unexpectedAlertBehaviour=ignore, applicationCacheEnabled=false, rotatable=false, networkConnectionEnabled=false, chrome={chromedriverVersion=89.0.4389.23 (61b08ee2c50024bab004e48d2b1b083cdbdac579-refs/branch-heads/4389@{#294}), userDataDir=C:\Users\josew\AppData\Local\Temp\scoped_dir13412_1740717483}, takesHeapSnapshot=true, pageLoadStrategy=normal, strictFileInteractability=false, databaseEnabled=false, handlesAlerts=true, version=89.0.4389.90, browserConnectionEnabled=false, proxy={}, nativeEvents=true, locationContextEnabled=true, cssSelectorsEnabled=true, webauthn:virtualAuthenticators=true}]
Session ID: 0eec4ad16403bf0c2cbd23ebb7fcaf11
*** Element info: {Using=name, value=q}
]]></error>
    <system-out><![CDATA[
Scenario: Open google                          &amp#27;[90m# src/test/resources/features/start.feature:2&amp#27;[0m
  &amp#27;[32mGiven &amp#27;[0m&amp#27;[32mbrowser &amp#27;[0m&amp#27;[32m&amp#27;[1m"chrome"&amp#27;[0m                       &amp#27;[90m# CucumberBasic.StepDefinitions.i_open_browser_as(java.lang.String)&amp#27;[0m
  &amp#27;[32mWhen &amp#27;[0m&amp#27;[32mI enter url as &amp#27;[0m&amp#27;[32m&amp#27;[1m"http://www.google.com/"&amp#27;[0m &amp#27;[90m# CucumberBasic.StepDefinitions.i_enter_uPPrl_as(java.lang.String)&amp#27;[0m
  &amp#27;[31mAnd &amp#27;[0m&amp#27;[31mI write &amp#27;[0m&amp#27;[31m&amp#27;[1m"cucumber"&amp#27;[0m                       &amp#27;[90m# ExternalDefinitions.StepDefinitions.i_write(java.lang.String)&amp#27;[0m
      &amp#27;[31morg.openqa.selenium.NoSuchElementException: no such element: Unable to locate element: {"method":"name","selector":"q"}
  (Session info: chrome=89.0.4389.90)
  (Driver info: chromedriver=89.0.4389.23 (61b08ee2c50024bab004e48d2b1b083cdbdac579-refs/branch-heads/4389@{#294}),platform=Windows NT 10.0.19042 x86_64) (WARNING: The server did not provide any stacktrace information)
Command duration or timeout: 14 milliseconds
For documentation on this error, please visit: http://seleniumhq.org/exceptions/no_such_element.html
Build info: version: '2.47.1', revision: 'unknown', time: '2015-07-30 11:02:44'
System info: host: 'LAPTOP-77UHC4F3', ip: '192.168.5.99', os.name: 'Windows 10', os.arch: 'amd64', os.version: '10.0', java.version: '11.0.10'
Driver info: org.openqa.selenium.chrome.ChromeDriver
Capabilities [{mobileEmulationEnabled=false, timeouts={implicit=0, pageLoad=300000, script=30000}, hasTouchScreen=false, platform=XP, acceptSslCerts=false, goog:chromeOptions={debuggerAddress=localhost:55763}, acceptInsecureCerts=false, webStorageEnabled=true, browserName=chrome, takesScreenshot=true, javascriptEnabled=true, setWindowRect=true, webauthn:extension:largeBlob=true, unexpectedAlertBehaviour=ignore, applicationCacheEnabled=false, rotatable=false, networkConnectionEnabled=false, chrome={chromedriverVersion=89.0.4389.23 (61b08ee2c50024bab004e48d2b1b083cdbdac579-refs/branch-heads/4389@{#294}), userDataDir=C:\Users\josew\AppData\Local\Temp\scoped_dir13412_1740717483}, takesHeapSnapshot=true, pageLoadStrategy=normal, strictFileInteractability=false, databaseEnabled=false, handlesAlerts=true, version=89.0.4389.90, browserConnectionEnabled=false, proxy={}, nativeEvents=true, locationContextEnabled=true, cssSelectorsEnabled=true, webauthn:virtualAuthenticators=true}]
Session ID: 0eec4ad16403bf0c2cbd23ebb7fcaf11
*** Element info: {Using=name, value=q}
	at java.base/jdk.internal.reflect.NativeConstructorAccessorImpl.newInstance0(Native Method)
	at java.base/jdk.internal.reflect.NativeConstructorAccessorImpl.newInstance(NativeConstructorAccessorImpl.java:62)
	at java.base/jdk.internal.reflect.DelegatingConstructorAccessorImpl.newInstance(DelegatingConstructorAccessorImpl.java:45)
	at java.base/java.lang.reflect.Constructor.newInstance(Constructor.java:490)
	at org.openqa.selenium.remote.ErrorHandler.createThrowable(ErrorHandler.java:206)
	at org.openqa.selenium.remote.ErrorHandler.throwIfResponseFailed(ErrorHandler.java:158)
	at org.openqa.selenium.remote.RemoteWebDriver.execute(RemoteWebDriver.java:595)
	at org.openqa.selenium.remote.RemoteWebDriver.findElement(RemoteWebDriver.java:348)
	at org.openqa.selenium.remote.RemoteWebDriver.findElementByName(RemoteWebDriver.java:421)
	at org.openqa.selenium.By$ByName.findElement(By.java:300)
	at org.openqa.selenium.remote.RemoteWebDriver.findElement(RemoteWebDriver.java:340)
	at ExternalDefinitions.StepDefinitions.i_write(StepDefinitions.java:33)
	at âœ½.I write "cucumber"(file:///c:/ADP/VScodeWorkspace/CucumberBasic/src/test/resources/features/start.feature:5)
&amp#27;[0m
  &amp#27;[36mAnd &amp#27;[0m&amp#27;[36mI select &amp#27;[0m&amp#27;[36m&amp#27;[1m"cucumber.io"&amp#27;[0m                   &amp#27;[90m# CucumberBasic.StepDefinitions.i_select(java.lang.String)&amp#27;[0m
  &amp#27;[36mThen &amp#27;[0m&amp#27;[36mI see &amp#27;[0m&amp#27;[36m&amp#27;[1m"cucumber"&amp#27;[0m&amp#27;[36m web&amp#27;[0m                    &amp#27;[90m# CucumberBasic.StepDefinitions.i_see(java.lang.String)&amp#27;[0m
]]></system-out>
    <system-err><![CDATA[Starting ChromeDriver 89.0.4389.23 (61b08ee2c50024bab004e48d2b1b083cdbdac579-refs/branch-heads/4389@{#294}) on port 22090
Only local connections are allowed.
Please see https://chromedriver.chromium.org/security-considerations for suggestions on keeping ChromeDriver safe.
ChromeDriver was started successfully.
Starting ChromeDriver 89.0.4389.23 (61b08ee2c50024bab004e48d2b1b083cdbdac579-refs/branch-heads/4389@{#294}) on port 14155
Only local connections are allowed.
Please see https://chromedriver.chromium.org/security-considerations for suggestions on keeping ChromeDriver safe.
ChromeDriver was started successfully.
]]></system-err>
  </testcase>
</testsuite>